

Started GET "/" for 127.0.0.1 at 2014-04-07 15:14:12 -0300
Processing by Rails::WelcomeController#index as HTML
  Rendered /home/alexlecco/.rvm/gems/ruby-2.0.0-p451@first-app/gems/railties-4.0.4/lib/rails/templates/rails/welcome/index.html.erb (1.3ms)
Completed 200 OK in 27ms (Views: 6.8ms | ActiveRecord: 0.0ms)


Started GET "/" for 127.0.0.1 at 2014-04-08 10:45:59 -0300
Processing by Rails::WelcomeController#index as HTML
  Rendered /home/alexlecco/.rvm/gems/ruby-2.0.0-p451@first_app/gems/railties-4.0.4/lib/rails/templates/rails/welcome/index.html.erb (1.3ms)
Completed 200 OK in 25ms (Views: 5.6ms | ActiveRecord: 0.0ms)


Started GET "/" for 127.0.0.1 at 2014-04-08 12:20:11 -0300
Processing by Rails::WelcomeController#index as HTML
  Rendered /home/alexlecco/.rvm/gems/ruby-2.0.0-p451@first_app/gems/railties-4.0.4/lib/rails/templates/rails/welcome/index.html.erb (1.2ms)
Completed 200 OK in 7ms (Views: 6.3ms | ActiveRecord: 0.0ms)


Started GET "/" for 127.0.0.1 at 2014-04-08 16:31:27 -0300
Processing by Rails::WelcomeController#index as HTML
  Rendered /home/alexlecco/.rvm/gems/ruby-2.0.0-p451@first_app/gems/railties-4.0.4/lib/rails/templates/rails/welcome/index.html.erb (44.8ms)
Completed 200 OK in 425ms (Views: 423.9ms | ActiveRecord: 0.0ms)


Started GET "/" for 127.0.0.1 at 2014-04-08 17:04:10 -0300
Processing by Rails::WelcomeController#index as HTML
  Rendered /home/alexlecco/.rvm/gems/ruby-2.0.0-p451@first_app/gems/railties-4.0.4/lib/rails/templates/rails/welcome/index.html.erb (0.1ms)
Completed 200 OK in 2ms (Views: 1.5ms | ActiveRecord: 0.0ms)


Started GET "/" for 127.0.0.1 at 2014-04-08 17:04:14 -0300
Processing by Rails::WelcomeController#index as HTML
  Rendered /home/alexlecco/.rvm/gems/ruby-2.0.0-p451@first_app/gems/railties-4.0.4/lib/rails/templates/rails/welcome/index.html.erb (0.1ms)
Completed 200 OK in 2ms (Views: 1.4ms | ActiveRecord: 0.0ms)


Started GET "/" for 127.0.0.1 at 2014-04-08 17:04:20 -0300
Processing by Rails::WelcomeController#index as HTML
  Rendered /home/alexlecco/.rvm/gems/ruby-2.0.0-p451@first_app/gems/railties-4.0.4/lib/rails/templates/rails/welcome/index.html.erb (0.1ms)
Completed 200 OK in 3ms (Views: 2.6ms | ActiveRecord: 0.0ms)


Started GET "/rails/info/properties" for 127.0.0.1 at 2014-04-08 17:04:46 -0300
Processing by Rails::InfoController#properties as */*
  Rendered /home/alexlecco/.rvm/gems/ruby-2.0.0-p451@first_app/gems/railties-4.0.4/lib/rails/templates/rails/info/properties.html.erb (0.4ms)
Completed 200 OK in 66ms (Views: 34.4ms | ActiveRecord: 1.3ms)


Started GET "/" for 127.0.0.1 at 2014-04-08 17:57:38 -0300
Processing by Rails::WelcomeController#index as HTML
  Rendered /home/alexlecco/.rvm/gems/ruby-2.0.0-p451@first_app/gems/railties-4.0.4/lib/rails/templates/rails/welcome/index.html.erb (0.1ms)
Completed 200 OK in 3ms (Views: 2.9ms | ActiveRecord: 0.0ms)
